Sun Sep 01 18:48:58 IST 2019 : Apache Derby Network Server - 10.14.2.0 - (1828579) started and ready to accept connections on port 1527
----------------------------------------------------------------
Sun Sep 01 18:49:03 IST 2019:
Booting Derby version The Apache Software Foundation - Apache Derby - 10.14.2.0 - (1828579): instance a816c00e-016c-ecfa-89f6-00004cc5f3ef 
on database directory D:\Data Structure Project\AtmSimulator1\src\sample with class loader jdk.internal.loader.ClassLoaders$AppClassLoader@c387f44 
Loaded from file:/C:/Program%20Files/Java/glassfish5/javadb/lib/derby.jar
java.vendor=Oracle Corporation
java.runtime.version=12.0.2+10
user.dir=C:\Program Files\Java\glassfish5\javadb
os.name=Windows 10
os.arch=amd64
os.version=10.0
derby.system.home=D:\Data Structure Project\AtmSimulator1\src
Database Class Loader started - derby.database.classpath=''
----------------------------------------------------------------
Sun Sep 01 18:49:14 IST 2019:
Booting Derby version The Apache Software Foundation - Apache Derby - 10.14.2.0 - (1828579): instance dcd58064-016c-ecfa-89f6-00004cc5f3ef 
on database directory D:\Data Structure Project\AtmSimulator1\src\customers with class loader jdk.internal.loader.ClassLoaders$AppClassLoader@c387f44 
Loaded from file:/C:/Program%20Files/Java/glassfish5/javadb/lib/derby.jar
java.vendor=Oracle Corporation
java.runtime.version=12.0.2+10
user.dir=C:\Program Files\Java\glassfish5\javadb
os.name=Windows 10
os.arch=amd64
os.version=10.0
derby.system.home=D:\Data Structure Project\AtmSimulator1\src
Database Class Loader started - derby.database.classpath=''
